<?xml version="1.0" encoding="UTF-8"?>
<!-- Generated by org.testng.reporters.JUnitReportReporter -->
<testsuite hostname="LAPTOP-F0DC6UKI" failures="0" tests="4" name="test.LoginTest" time="7.986" errors="0" timestamp="2024-10-28T14:56:08 IST" skipped="0">
  <testcase classname="test.LoginTest" name="testLogin" time="0.327"/>
  <system-out/>
  <testcase classname="test.LoginTest" name="testLogin" time="0.392"/>
  <system-out/>
  <testcase classname="test.LoginTest" name="testLogin" time="4.473"/>
  <system-out/>
  <testcase classname="test.LoginTest" name="testLogin" time="2.794"/>
  <system-out/>
</testsuite> <!-- test.LoginTest -->
